<?xml version="1.0" encoding="UTF-8"?>
<!-- Generated by org.testng.reporters.JUnitReportReporter -->
<testsuite hostname="DESKTOP-7U0QMLU" failures="0" tests="4" name="user_side_testing.Place_Order" time="4.834" errors="0" timestamp="2022-01-22T17:05:28 IST" skipped="0">
  <testcase classname="user_side_testing.Place_Order" name="login_Pass" time="1.773"/>
  <system-out/>
  <testcase classname="user_side_testing.Place_Order" name="add_cart" time="0.365"/>
  <system-out/>
  <testcase classname="user_side_testing.Place_Order" name="check_cart_details" time="2.417"/>
  <system-out/>
  <testcase classname="user_side_testing.Place_Order" name="checkout" time="0.279"/>
  <system-out/>
</testsuite> <!-- user_side_testing.Place_Order -->
