<?xml version="1.0" encoding="UTF-8"?>
<!-- Generated by org.testng.reporters.JUnitReportReporter -->
<testsuite hostname="DESKTOP-7U0QMLU" failures="0" tests="3" name="admin_portal_testing.Admin_Automation" time="3.804" errors="0" timestamp="2022-01-22T17:01:46 IST" skipped="0">
  <testcase classname="admin_portal_testing.Admin_Automation" name="login_Pass" time="1.558"/>
  <system-out/>
  <testcase classname="admin_portal_testing.Admin_Automation" name="remove_product" time="1.392"/>
  <system-out/>
  <testcase classname="admin_portal_testing.Admin_Automation" name="edit_item" time="0.854"/>
  <system-out/>
</testsuite> <!-- admin_portal_testing.Admin_Automation -->
