<?xml version="1.0" encoding="UTF-8"?>
<!-- Generated by org.testng.reporters.JUnitReportReporter -->
<testsuite hostname="DESKTOP-7U0QMLU" failures="0" tests="3" name="user_side_testing.Add_Cart_Check_Cart_details" time="2.581" errors="0" timestamp="2022-01-22T17:04:59 IST" skipped="0">
  <testcase classname="user_side_testing.Add_Cart_Check_Cart_details" name="login_Pass" time="1.936"/>
  <system-out/>
  <testcase classname="user_side_testing.Add_Cart_Check_Cart_details" name="add_cart" time="0.398"/>
  <system-out/>
  <testcase classname="user_side_testing.Add_Cart_Check_Cart_details" name="check_cart_details" time="0.247"/>
  <system-out/>
</testsuite> <!-- user_side_testing.Add_Cart_Check_Cart_details -->
