<?xml version="1.0" encoding="UTF-8"?>
<!-- Generated by org.testng.reporters.JUnitReportReporter -->
<testsuite hostname="DESKTOP-7U0QMLU" failures="0" tests="2" name="admin_portal_testing.Product_Add" time="9.300" errors="0" timestamp="2022-01-22T17:03:39 IST" skipped="0">
  <testcase classname="admin_portal_testing.Product_Add" name="login_Pass" time="8.060"/>
  <system-out/>
  <testcase classname="admin_portal_testing.Product_Add" name="Add_product" time="1.240"/>
  <system-out/>
</testsuite> <!-- admin_portal_testing.Product_Add -->
